     1                                  ; NAME
     2                                  ; Assignment
     3                                  ; Date
     4                                  ; Etc...
     5                                  
     6                                  SECTION .data
     7                                  ; define data/variables here.  Think DB, DW, DD, DQ
     8 00000000 0B                      a1: DB 11
     9 00000001 0300                    b1: DW 11b
    10 00000003 11000000                c1: DD 11h
    11 00000007 0900000000000000        d1: DQ 11q
    12 0000000F FBFF                    e1: DW -5
    13 00000011 435343333232            f1: DB 'CSC322'
    14 00000017 486F776479              g1: DB 'Howdy'
    15 0000001C 486F77647900            h1: DW 'Howdy'
    16 00000022 010203                  i1: DB 1,2,3
    17 00000025 0A0000000B0000000C-     j1: DD 10,11,12,14
    18 0000002E 0000000E000000     
    19 00000035 0B000D000F001100        a2: DW 11,13,15,17
    20 0000003D 0B0D0F12                b2: DB 11,13,15,18
    21 00000041 64000000C80000002C-     c2: DD 100,200,300
    22 0000004A 010000             
    23 0000004D 4523010000000000        d2: DQ 12345h
    24 00000055 CE                      a3: DB -50
    25 00000056 D3FF                    b3: DW -45
    26 00000058 E2                      c3: DB -30
    27 00000059 E7FF                    d3: DW -25
    28 0000005B ECFFFFFF                e3: DD -20
    29 0000005F 4265617273              a4: DB 'Bears'
    30 00000064 64000000                b4: DD 100
    31 00000068 0000                    c4: DW 0
    32 0000006A 476F20                  d4: DB 'Go '
    33 0000006D 4D657263657221          e4: DB 'Mercer!'
    34 00000074 6400                    a5: DW 100
    35 00000076 0001                    b5: DW 100h
    36 00000078 0400                    c5: DW 100b
    37 0000007A 4000                    d5: DW 100q
    38 0000007C 6400                    e5: DW 100d
    39                                  SECTION .bss
    40                                  ; define uninitialized data here
    41                                  
    42                                  SECTION .text
    43                                  global _main
    44                                  _main:
    45                                  
    46                                  ; put your code here.
    47                                  
    48                                  
    49                                  
    50                                  ; Normal termination code
    51 00000000 B801000000              mov eax, 1
    52 00000005 BB00000000              mov ebx, 0
    53 0000000A CD80                    int 80h
