     1                                  ; Will King
     2                                  ; Max Fibonnachi
     3                                  ; 10/16/2023
     4                                  ; Etc...
     5                                  
     6                                  SECTION .data
     7                                  ; define data/variables here.  Think DB, DW, DD, DQ
     8 00000000 00                      sum: DB 0
     9                                  SECTION .bss
    10                                  ; define uninitialized data here
    11 00000000 <res 00000004>          MaxFib:		RESD 1
    12 00000004 <res 00000002>          FibCount:	RESW 1
    13                                  SECTION .text
    14                                  global _main
    15                                  _main:
    16                                  ; put your code here.
    17 00000000 B800000000              mov eax, 0
    18 00000005 BB01000000              mov ebx, 1
    19 0000000A B900000000              mov ecx, 0
    20 0000000F 66C705[04000000]02-     mov word [FibCount], 2
    21 00000017 00                 
    22                                  
    23 00000018 EB09                    jmp checkLoop
    24                                  
    25                                  l:	
    26 0000001A 66FF05[04000000]        	inc word [FibCount]
    27 00000021 89C1                    	mov ecx, eax
    28                                  checkLoop:
    29 00000023 89D9                    	mov ecx, ebx
    30 00000025 01C3                    	add ebx, eax
    31 00000027 73F1                    	jnc l
    32 00000029 890D[00000000]          mov [MaxFib], ecx
    33                                  ; Normal termination code
    34                                  lastBreak:
    35 0000002F B801000000              mov eax, 1
    36 00000034 BB00000000              mov ebx, 0
    37 00000039 CD80                    int 80h
