     1                                  ; NAME
     2                                  ; Assignment
     3                                  ; Date
     4                                  ; Etc...
     5                                  
     6                                  SECTION .data
     7                                  ; define data/variables here.  Think DB, DW, DD, DQ
     8 00000000 00                      sum: DB 0
     9                                  SECTION .bss
    10                                  ; define uninitialized data here
    11 00000000 <res 00000040>          Fibs:	RESD 16
    12                                  SECTION .text
    13                                  global _main
    14                                  _main:
    15                                  ; put your code here.
    16 00000000 BA00000000              mov edx, 0
    17 00000005 C705[00000000]0000-     mov dword [Fibs], 0
    18 0000000D 0000               
    19 0000000F C705[04000000]0100-     mov dword [Fibs + 4], 1
    20 00000017 0000               
    21 00000019 B90E000000              mov ecx, 14
    22                                  l1:
    23                                  	
    24 0000001E 8B82[00000000]          	mov eax, [Fibs + edx]
    25 00000024 8B9A[04000000]          	mov ebx, [Fibs + edx + 4]
    26 0000002A 01C3                    	add ebx, eax
    27 0000002C 899A[08000000]          	mov [Fibs + 8 + edx], ebx
    28 00000032 83C204                  	add edx, 4
    29 00000035 49                      	dec ecx
    30 00000036 83F900                  	cmp ecx, 0
    31 00000039 7402                    	jz lastBreak
    32 0000003B EBE1                    	jmp l1
    33                                  ; Normal termination code
    34                                  lastBreak:
    35 0000003D B801000000              mov eax, 1
    36 00000042 BB00000000              mov ebx, 0
    37 00000047 CD80                    int 80h
