     1                                  ; NAME
     2                                  ; Assignment
     3                                  ; Date
     4                                  ; Etc...
     5                                  
     6                                  SECTION .data
     7                                  ; define data/variables here.  Think DB, DW, DD, DQ
     8                                  
     9                                  SECTION .bss
    10                                  ; define uninitialized data here
    11                                  
    12                                  SECTION .text
    13                                  global _main
    14                                  _main:
    15                                  
    16                                  ; put your code here.
    17 00000000 66B8BACD                mov AX, 0CDBAh
    18 00000004 66BBABCD                mov BX, 0CDABh
    19 00000008 6601D8                  add AX, BX
    20                                  
    21 0000000B 66B8CDAB                mov AX, 0ABCDh
    22 0000000F 66BBCDAB                mov BX, 0ABCDh
    23 00000013 6601D8                  add AX, BX
    24                                  
    25 00000016 66B8FAFA                mov AX, 0FAFAh
    26 0000001A 66BB0505                mov BX,	0505h
    27 0000001E 6601D8                  add AX, BX
    28                                  
    29 00000021 66B8F0F0                mov AX,	0F0F0h
    30 00000025 66BB00FF                mov BX, 0FF00h
    31 00000029 6601D8                  add AX, BX
    32                                  
    33 0000002C 66B868D4                mov AX, 0D468h
    34 00000030 66BB982B                mov BX, 2B98h
    35 00000034 6601D8                  add AX, BX
    36                                  
    37 00000037 66B80F70                mov AX, 700Fh
    38 0000003B 66BBF10F                mov BX, 0FF1h
    39 0000003F 6601D8                  add AX, BX
    40                                  
    41 00000042 66B83412                mov AX, 1234h
    42 00000046 66BB5476                mov BX,	7654h
    43 0000004A 6601D8                  add AX, BX
    44                                  
    45 0000004D 66B80B0B                mov AX, 0B0Bh
    46 00000051 66BB1EA1                mov BX,	0A11Eh
    47 00000055 6601D8                  add AX, BX
    48                                  
    49 00000058 66B85476                mov AX,	7654h
    50 0000005C 66BB9A78                mov BX,	789Ah
    51 00000060 6601D8                  add AX, BX
    52                                  
    53 00000063 66B80080                mov AX, 8000h
    54 00000067 66BB0080                mov BX,	8000h
    55 0000006B 6601D8                  add AX, BX
    56                                  ; Normal termination code
    57 0000006E B801000000              mov eax, 1
    58 00000073 BB00000000              mov ebx, 0
    59 00000078 CD80                    int 80h
